#
# There is insufficient memory for the Java Runtime Environment to continue.
# Native memory allocation (malloc) failed to allocate 1068176 bytes for Chunk::new
# Possible reasons:
#   The system is out of physical RAM or swap space
#   In 32 bit mode, the process size limit was hit
# Possible solutions:
#   Reduce memory load on the system
#   Increase physical memory or swap space
#   Check if swap backing store is full
#   Use 64 bit Java on a 64 bit OS
#   Decrease Java heap size (-Xmx/-Xms)
#   Decrease number of Java threads
#   Decrease Java thread stack sizes (-Xss)
#   Set larger code cache with -XX:ReservedCodeCacheSize=
# This output file may be truncated or incomplete.
#
#  Out of Memory Error (allocation.cpp:390), pid=15280, tid=0x0000000000003528
#
# JRE version: Java(TM) SE Runtime Environment (8.0_144-b01) (build 1.8.0_144-b01)
# Java VM: Java HotSpot(TM) 64-Bit Server VM (25.144-b01 mixed mode windows-amd64 compressed oops)
# Failed to write core dump. Minidumps are not enabled by default on client versions of Windows
#

---------------  T H R E A D  ---------------

Current thread (0x0000000015662800):  JavaThread "C2 CompilerThread1" daemon [_thread_in_native, id=13608, stack(0x0000000016dd0000,0x0000000016ed0000)]

Stack: [0x0000000016dd0000,0x0000000016ed0000]
[error occurred during error reporting (printing stack bounds), id 0xc0000005]

Native frames: (J=compiled Java code, j=interpreted, Vv=VM code, C=native code)


Current CompileTask:
C2:  64435 14654       4       com.android.tools.build.apkzlib.zip.StoredEntry::readDataDescriptorRecord (248 bytes)


---------------  P R O C E S S  ---------------

Java Threads: ( => current thread )
  0x000000001b66f800 JavaThread "ForkJoinPool-2-worker-0" daemon [_thread_blocked, id=14636, stack(0x0000000026cd0000,0x0000000026dd0000)]
  0x000000001b670800 JavaThread "ForkJoinPool-2-worker-3" daemon [_thread_blocked, id=4480, stack(0x0000000026bd0000,0x0000000026cd0000)]
  0x000000001b66b000 JavaThread "ForkJoinPool-2-worker-1" daemon [_thread_blocked, id=13100, stack(0x00000000265f0000,0x00000000266f0000)]
  0x000000001b66c800 JavaThread "ForkJoinPool-1-worker-3" daemon [_thread_blocked, id=10896, stack(0x0000000025e20000,0x0000000025f20000)]
  0x000000001b66e000 JavaThread "ForkJoinPool-1-worker-2" daemon [_thread_blocked, id=4032, stack(0x0000000025d20000,0x0000000025e20000)]
  0x0000000016fb1000 JavaThread "ForkJoinPool-1-worker-1" daemon [_thread_blocked, id=15220, stack(0x0000000025c20000,0x0000000025d20000)]
  0x0000000016fb3800 JavaThread "ForkJoinPool.commonPool-worker-1" daemon [_thread_blocked, id=2604, stack(0x0000000023180000,0x0000000023280000)]
  0x0000000016faa000 JavaThread "Cache worker for Java compile cache (C:\Users\Thiago Ferrarezi\Programas\React\fisioPilates\android\.gradle\4.6\javaCompile)" [_thread_blocked, id=13932, stack(0x0000000022910000,0x0000000022a10000)]
  0x0000000016fb0800 JavaThread "Task worker for ':' Thread 3" [_thread_blocked, id=14512, stack(0x0000000022810000,0x0000000022910000)]
  0x0000000016fae000 JavaThread "Task worker for ':' Thread 2" [_thread_blocked, id=15264, stack(0x0000000022710000,0x0000000022810000)]
  0x0000000016fab000 JavaThread "Task worker for ':'" [_thread_in_native, id=13444, stack(0x0000000021fc0000,0x00000000220c0000)]
  0x0000000016faf000 JavaThread "Cache worker for Build Output Cleanup Cache (C:\Users\Thiago Ferrarezi\Programas\React\fisioPilates\android\.gradle\buildOutputCleanup)" [_thread_blocked, id=5404, stack(0x0000000021ec0000,0x0000000021fc0000)]
  0x0000000016fab800 JavaThread "Cache worker for task history cache (C:\Users\Thiago Ferrarezi\Programas\React\fisioPilates\android\.gradle\4.6\taskHistory)" [_thread_blocked, id=10012, stack(0x0000000021dc0000,0x0000000021ec0000)]
  0x0000000016fa8800 JavaThread "Cache worker for file content cache (C:\Users\Thiago Ferrarezi\Programas\React\fisioPilates\android\.gradle\4.6\fileContent)" [_thread_blocked, id=4272, stack(0x0000000021230000,0x0000000021330000)]
  0x0000000016fad000 JavaThread "Memory manager" [_thread_blocked, id=5832, stack(0x0000000020d30000,0x0000000020e30000)]
  0x0000000018134000 JavaThread "pool-1-thread-1" [_thread_blocked, id=8476, stack(0x000000001f7f0000,0x000000001f8f0000)]
  0x0000000018132000 JavaThread "Build operations Thread 4" [_thread_blocked, id=13276, stack(0x000000001f4f0000,0x000000001f5f0000)]
  0x0000000018130800 JavaThread "Build operations Thread 3" [_thread_blocked, id=5484, stack(0x000000001f3f0000,0x000000001f4f0000)]
  0x0000000018131000 JavaThread "Build operations Thread 2" [_thread_blocked, id=9984, stack(0x000000001f2f0000,0x000000001f3f0000)]
  0x0000000018132800 JavaThread "Build operations" [_thread_blocked, id=13872, stack(0x000000001f1f0000,0x000000001f2f0000)]
  0x000000001812f800 JavaThread "Cache worker for Artifact transforms cache (C:\Users\Thiago Ferrarezi\.gradle\caches\transforms-1)" [_thread_blocked, id=4928, stack(0x000000001dba0000,0x000000001dca0000)]
  0x0000000018135000 JavaThread "Cache worker for file hash cache (C:\Users\Thiago Ferrarezi\Programas\React\fisioPilates\android\.gradle\4.6\fileHashes)" [_thread_blocked, id=14880, stack(0x000000001a330000,0x000000001a430000)]
  0x000000001812e000 JavaThread "File lock request listener" [_thread_in_native, id=5020, stack(0x000000001a230000,0x000000001a330000)]
  0x000000001812f000 JavaThread "Cache worker for file hash cache (C:\Users\Thiago Ferrarezi\.gradle\caches\4.6\fileHashes)" [_thread_blocked, id=10036, stack(0x000000001a130000,0x000000001a230000)]
  0x00000000183ca800 JavaThread "Stdin handler" [_thread_blocked, id=9976, stack(0x0000000019e30000,0x0000000019f30000)]
  0x00000000183c9800 JavaThread "Asynchronous log dispatcher for DefaultDaemonConnection: socket connection from /127.0.0.1:59904 to /127.0.0.1:59905" [_thread_blocked, id=14344, stack(0x0000000019d30000,0x0000000019e30000)]
  0x00000000187ae800 JavaThread "Daemon worker" [_thread_blocked, id=8252, stack(0x0000000019c30000,0x0000000019d30000)]
  0x00000000189e1000 JavaThread "Cancel handler" [_thread_blocked, id=1880, stack(0x0000000019b30000,0x0000000019c30000)]
  0x00000000189df000 JavaThread "Handler for socket connection from /127.0.0.1:59904 to /127.0.0.1:59905" [_thread_in_native, id=15252, stack(0x0000000019830000,0x0000000019930000)]
  0x00000000189da800 JavaThread "Daemon" [_thread_blocked, id=12772, stack(0x0000000019730000,0x0000000019830000)]
  0x00000000189c5000 JavaThread "Daemon periodic checks" [_thread_blocked, id=4508, stack(0x0000000019630000,0x0000000019730000)]
  0x00000000189e9800 JavaThread "Incoming local TCP Connector on port 59904" [_thread_in_native, id=11128, stack(0x00000000193e0000,0x00000000194e0000)]
  0x000000001830a800 JavaThread "Daemon health stats" [_thread_blocked, id=872, stack(0x0000000018da0000,0x0000000018ea0000)]
  0x0000000016edd800 JavaThread "Service Thread" daemon [_thread_blocked, id=14924, stack(0x00000000173d0000,0x00000000174d0000)]
  0x0000000016ed8800 JavaThread "C1 CompilerThread2" daemon [_thread_blocked, id=3744, stack(0x00000000172d0000,0x00000000173d0000)]
=>0x0000000015662800 JavaThread "C2 CompilerThread1" daemon [_thread_in_native, id=13608, stack(0x0000000016dd0000,0x0000000016ed0000)]
  0x000000001565f000 JavaThread "C2 CompilerThread0" daemon [_thread_blocked, id=7004, stack(0x0000000016cd0000,0x0000000016dd0000)]
  0x000000001565d800 JavaThread "Attach Listener" daemon [_thread_blocked, id=9596, stack(0x0000000016bd0000,0x0000000016cd0000)]
  0x0000000002f8e800 JavaThread "Signal Dispatcher" daemon [_thread_blocked, id=11248, stack(0x0000000016ad0000,0x0000000016bd0000)]
  0x0000000002f86800 JavaThread "Finalizer" daemon [_thread_blocked, id=14688, stack(0x00000000168c0000,0x00000000169c0000)]
  0x0000000002f81000 JavaThread "Reference Handler" daemon [_thread_blocked, id=2600, stack(0x00000000167c0000,0x00000000168c0000)]
  0x0000000002d8e000 JavaThread "main" [_thread_blocked, id=14764, stack(0x0000000002d90000,0x0000000002e90000)]

Other Threads:
  0x0000000015627800 VMThread [stack: 0x00000000166c0000,0x00000000167c0000] [id=8968]
  0x0000000016efb000 WatcherThread [stack: 0x00000000174d0000,0x00000000175d0000] [id=1076]

VM state:not at safepoint (normal execution)

VM Mutex/Monitor currently owned by a thread: None

Heap:
 PSYoungGen      total 212480K, used 206469K [0x00000000eab00000, 0x00000000fa880000, 0x0000000100000000)
  eden space 167424K, 96% used [0x00000000eab00000,0x00000000f48a5480,0x00000000f4e80000)
  from space 45056K, 99% used [0x00000000f4e80000,0x00000000f7a7c330,0x00000000f7a80000)
  to   space 43008K, 0% used [0x00000000f7a80000,0x00000000f7a80000,0x00000000fa480000)
 ParOldGen       total 380928K, used 76723K [0x00000000c0000000, 0x00000000d7400000, 0x00000000eab00000)
  object space 380928K, 20% used [0x00000000c0000000,0x00000000c4aecff0,0x00000000d7400000)
 Metaspace       used 74647K, capacity 77566K, committed 77696K, reserved 1116160K
  class space    used 9989K, capacity 10624K, committed 10624K, reserved 1048576K

Card table byte_map: [0x0000000012350000,0x0000000012560000] byte_map_base: 0x0000000011d50000

Marking Bits: (ParMarkBitMap*) 0x000000006059d850
 Begin Bits: [0x0000000012ac0000, 0x0000000013ac0000)
 End Bits:   [0x0000000013ac0000, 0x0000000014ac0000)

Polling page: 0x0000000001320000

CodeCache: size=245760Kb used=40101Kb max_used=40445Kb free=205658Kb
 bounds [0x0000000002f90000, 0x0000000005770000, 0x0000000011f90000]
 total_blobs=13284 nmethods=12458 adapters=734
 compilation: enabled

Compilation events (10 events):
Event: 62.708 Thread 0x000000001565f000 14708       4       java.util.Spliterators$IteratorSpliterator::tryAdvance (77 bytes)
Event: 62.709 Thread 0x000000001565f000 nmethod 14708 0x0000000003c56710 code [0x0000000003c56860, 0x0000000003c56958]
Event: 62.709 Thread 0x000000001565f000 14732       4       com.android.build.gradle.internal.packaging.ParsedPackagingOptions$getAction$3::test (9 bytes)
Event: 62.710 Thread 0x000000001565f000 nmethod 14732 0x0000000003716790 code [0x00000000037168e0, 0x00000000037169d8]
Event: 62.711 Thread 0x000000001565f000 14719       4       java.util.regex.Pattern$CharProperty$1::isSatisfiedBy (17 bytes)
Event: 62.712 Thread 0x000000001565f000 nmethod 14719 0x0000000003c56290 code [0x0000000003c563e0, 0x0000000003c56538]
Event: 62.713 Thread 0x000000001565f000 14704       4       java.util.Collection::stream (11 bytes)
Event: 62.715 Thread 0x000000001565f000 nmethod 14704 0x00000000038ea990 code [0x00000000038eaae0, 0x00000000038eacb8]
Event: 62.716 Thread 0x000000001565f000 14693       4       java.util.ArrayDeque::removeFirst (19 bytes)
Event: 62.717 Thread 0x000000001565f000 nmethod 14693 0x00000000050a51d0 code [0x00000000050a5300, 0x00000000050a53b8]

GC Heap History (10 events):
Event: 52.146 GC heap before
{Heap before GC invocations=24 (full 3):
 PSYoungGen      total 178688K, used 170709K [0x00000000eab00000, 0x00000000f8d00000, 0x0000000100000000)
  eden space 140288K, 100% used [0x00000000eab00000,0x00000000f3400000,0x00000000f3400000)
  from space 38400K, 79% used [0x00000000f5c00000,0x00000000f79b56b0,0x00000000f8180000)
  to   space 40960K, 0% used [0x00000000f3400000,0x00000000f3400000,0x00000000f5c00000)
 ParOldGen       total 380928K, used 45801K [0x00000000c0000000, 0x00000000d7400000, 0x00000000eab00000)
  object space 380928K, 12% used [0x00000000c0000000,0x00000000c2cba680,0x00000000d7400000)
 Metaspace       used 72509K, capacity 75200K, committed 75520K, reserved 1114112K
  class space    used 9762K, capacity 10389K, committed 10496K, reserved 1048576K
Event: 52.185 GC heap after
Heap after GC invocations=24 (full 3):
 PSYoungGen      total 181248K, used 30895K [0x00000000eab00000, 0x00000000fa480000, 0x0000000100000000)
  eden space 140288K, 0% used [0x00000000eab00000,0x00000000eab00000,0x00000000f3400000)
  from space 40960K, 75% used [0x00000000f3400000,0x00000000f522be40,0x00000000f5c00000)
  to   space 43008K, 0% used [0x00000000f7a80000,0x00000000f7a80000,0x00000000fa480000)
 ParOldGen       total 380928K, used 45801K [0x00000000c0000000, 0x00000000d7400000, 0x00000000eab00000)
  object space 380928K, 12% used [0x00000000c0000000,0x00000000c2cba680,0x00000000d7400000)
 Metaspace       used 72509K, capacity 75200K, committed 75520K, reserved 1114112K
  class space    used 9762K, capacity 10389K, committed 10496K, reserved 1048576K
}
Event: 52.836 GC heap before
{Heap before GC invocations=25 (full 3):
 PSYoungGen      total 181248K, used 171183K [0x00000000eab00000, 0x00000000fa480000, 0x0000000100000000)
  eden space 140288K, 100% used [0x00000000eab00000,0x00000000f3400000,0x00000000f3400000)
  from space 40960K, 75% used [0x00000000f3400000,0x00000000f522be40,0x00000000f5c00000)
  to   space 43008K, 0% used [0x00000000f7a80000,0x00000000f7a80000,0x00000000fa480000)
 ParOldGen       total 380928K, used 45801K [0x00000000c0000000, 0x00000000d7400000, 0x00000000eab00000)
  object space 380928K, 12% used [0x00000000c0000000,0x00000000c2cba680,0x00000000d7400000)
 Metaspace       used 72536K, capacity 75204K, committed 75520K, reserved 1114112K
  class space    used 9762K, capacity 10389K, committed 10496K, reserved 1048576K
Event: 52.866 GC heap after
Heap after GC invocations=25 (full 3):
 PSYoungGen      total 210432K, used 31788K [0x00000000eab00000, 0x00000000fa880000, 0x0000000100000000)
  eden space 167424K, 0% used [0x00000000eab00000,0x00000000eab00000,0x00000000f4e80000)
  from space 43008K, 73% used [0x00000000f7a80000,0x00000000f998b0b0,0x00000000fa480000)
  to   space 45056K, 0% used [0x00000000f4e80000,0x00000000f4e80000,0x00000000f7a80000)
 ParOldGen       total 380928K, used 45801K [0x00000000c0000000, 0x00000000d7400000, 0x00000000eab00000)
  object space 380928K, 12% used [0x00000000c0000000,0x00000000c2cba680,0x00000000d7400000)
 Metaspace       used 72536K, capacity 75204K, committed 75520K, reserved 1114112K
  class space    used 9762K, capacity 10389K, committed 10496K, reserved 1048576K
}
Event: 53.621 GC heap before
{Heap before GC invocations=26 (full 3):
 PSYoungGen      total 210432K, used 199212K [0x00000000eab00000, 0x00000000fa880000, 0x0000000100000000)
  eden space 167424K, 100% used [0x00000000eab00000,0x00000000f4e80000,0x00000000f4e80000)
  from space 43008K, 73% used [0x00000000f7a80000,0x00000000f998b0b0,0x00000000fa480000)
  to   space 45056K, 0% used [0x00000000f4e80000,0x00000000f4e80000,0x00000000f7a80000)
 ParOldGen       total 380928K, used 45801K [0x00000000c0000000, 0x00000000d7400000, 0x00000000eab00000)
  object space 380928K, 12% used [0x00000000c0000000,0x00000000c2cba680,0x00000000d7400000)
 Metaspace       used 72717K, capacity 75434K, committed 75776K, reserved 1114112K
  class space    used 9771K, capacity 10392K, committed 10496K, reserved 1048576K
Event: 53.660 GC heap after
Heap after GC invocations=26 (full 3):
 PSYoungGen      total 212480K, used 31311K [0x00000000eab00000, 0x00000000fa880000, 0x0000000100000000)
  eden space 167424K, 0% used [0x00000000eab00000,0x00000000eab00000,0x00000000f4e80000)
  from space 45056K, 69% used [0x00000000f4e80000,0x00000000f6d13ee8,0x00000000f7a80000)
  to   space 43008K, 0% used [0x00000000f7a80000,0x00000000f7a80000,0x00000000fa480000)
 ParOldGen       total 380928K, used 45809K [0x00000000c0000000, 0x00000000d7400000, 0x00000000eab00000)
  object space 380928K, 12% used [0x00000000c0000000,0x00000000c2cbc680,0x00000000d7400000)
 Metaspace       used 72717K, capacity 75434K, committed 75776K, reserved 1114112K
  class space    used 9771K, capacity 10392K, committed 10496K, reserved 1048576K
}
Event: 58.373 GC heap before
{Heap before GC invocations=27 (full 3):
 PSYoungGen      total 212480K, used 198604K [0x00000000eab00000, 0x00000000fa880000, 0x0000000100000000)
  eden space 167424K, 99% used [0x00000000eab00000,0x00000000f4e5f158,0x00000000f4e80000)
  from space 45056K, 69% used [0x00000000f4e80000,0x00000000f6d13ee8,0x00000000f7a80000)
  to   space 43008K, 0% used [0x00000000f7a80000,0x00000000f7a80000,0x00000000fa480000)
 ParOldGen       total 380928K, used 45809K [0x00000000c0000000, 0x00000000d7400000, 0x00000000eab00000)
  object space 380928K, 12% used [0x00000000c0000000,0x00000000c2cbc680,0x00000000d7400000)
 Metaspace       used 73494K, capacity 76198K, committed 76288K, reserved 1116160K
  class space    used 9834K, capacity 10452K, committed 10496K, reserved 1048576K
Event: 58.424 GC heap after
Heap after GC invocations=27 (full 3):
 PSYoungGen      total 210432K, used 42993K [0x00000000eab00000, 0x00000000fa880000, 0x0000000100000000)
  eden space 167424K, 0% used [0x00000000eab00000,0x00000000eab00000,0x00000000f4e80000)
  from space 43008K, 99% used [0x00000000f7a80000,0x00000000fa47c508,0x00000000fa480000)
  to   space 45056K, 0% used [0x00000000f4e80000,0x00000000f4e80000,0x00000000f7a80000)
 ParOldGen       total 380928K, used 54687K [0x00000000c0000000, 0x00000000d7400000, 0x00000000eab00000)
  object space 380928K, 14% used [0x00000000c0000000,0x00000000c3567dd0,0x00000000d7400000)
 Metaspace       used 73494K, capacity 76198K, committed 76288K, reserved 1116160K
  class space    used 9834K, capacity 10452K, committed 10496K, reserved 1048576K
}
Event: 59.548 GC heap before
{Heap before GC invocations=28 (full 3):
 PSYoungGen      total 210432K, used 210417K [0x00000000eab00000, 0x00000000fa880000, 0x0000000100000000)
  eden space 167424K, 100% used [0x00000000eab00000,0x00000000f4e80000,0x00000000f4e80000)
  from space 43008K, 99% used [0x00000000f7a80000,0x00000000fa47c508,0x00000000fa480000)
  to   space 45056K, 0% used [0x00000000f4e80000,0x00000000f4e80000,0x00000000f7a80000)
 ParOldGen       total 380928K, used 54687K [0x00000000c0000000, 0x00000000d7400000, 0x00000000eab00000)
  object space 380928K, 14% used [0x00000000c0000000,0x00000000c3567dd0,0x00000000d7400000)
 Metaspace       used 73637K, capacity 76376K, committed 76544K, reserved 1116160K
  class space    used 9846K, capacity 10463K, committed 10496K, reserved 1048576K
Event: 59.625 GC heap after
Heap after GC invocations=28 (full 3):
 PSYoungGen      total 212480K, used 45040K [0x00000000eab00000, 0x00000000fa880000, 0x0000000100000000)
  eden space 167424K, 0% used [0x00000000eab00000,0x00000000eab00000,0x00000000f4e80000)
  from space 45056K, 99% used [0x00000000f4e80000,0x00000000f7a7c330,0x00000000f7a80000)
  to   space 43008K, 0% used [0x00000000f7a80000,0x00000000f7a80000,0x00000000fa480000)
 ParOldGen       total 380928K, used 76723K [0x00000000c0000000, 0x00000000d7400000, 0x00000000eab00000)
  object space 380928K, 20% used [0x00000000c0000000,0x00000000c4aecff0,0x00000000d7400000)
 Metaspace       used 73637K, capacity 76376K, committed 76544K, reserved 1116160K
  class space    used 9846K, capacity 10463K, committed 10496K, reserved 1048576K
}

Deoptimization events (10 events):
Event: 62.015 Thread 0x0000000016fab000 Uncommon trap: reason=bimorphic action=maybe_recompile pc=0x00000000052a07a8 method=java.util.stream.StreamOpFlag.fromCharacteristics(Ljava/util/Spliterator;)I @ 14
Event: 62.015 Thread 0x0000000016fab000 Uncommon trap: reason=bimorphic action=maybe_recompile pc=0x00000000052a07a8 method=java.util.stream.StreamOpFlag.fromCharacteristics(Ljava/util/Spliterator;)I @ 14
Event: 62.018 Thread 0x0000000016fab000 Uncommon trap: reason=bimorphic action=maybe_recompile pc=0x0000000004dd8b50 method=java.util.stream.ReduceOps$3ReducingSink.accept(Ljava/lang/Object;)V @ 9
Event: 62.021 Thread 0x0000000016fab000 Uncommon trap: reason=unstable_if action=reinterpret pc=0x00000000031add74 method=java.lang.String.indexOf([CII[CIII)I @ 27
Event: 62.439 Thread 0x0000000016fab000 Uncommon trap: reason=class_check action=maybe_recompile pc=0x0000000004d5e190 method=java.util.Collections$SetFromMap.contains(Ljava/lang/Object;)Z @ 5
Event: 62.442 Thread 0x0000000016fab000 Uncommon trap: reason=class_check action=maybe_recompile pc=0x0000000004d5e190 method=java.util.Collections$SetFromMap.contains(Ljava/lang/Object;)Z @ 5
Event: 62.494 Thread 0x0000000016fab000 Uncommon trap: reason=bimorphic action=maybe_recompile pc=0x0000000004664c48 method=java.nio.charset.CharsetDecoder.reset()Ljava/nio/charset/CharsetDecoder; @ 1
Event: 62.507 Thread 0x0000000016fab000 Uncommon trap: reason=bimorphic action=maybe_recompile pc=0x0000000004664c48 method=java.nio.charset.CharsetDecoder.reset()Ljava/nio/charset/CharsetDecoder; @ 1
Event: 62.519 Thread 0x0000000016fab000 Uncommon trap: reason=bimorphic action=maybe_recompile pc=0x0000000004664c48 method=java.nio.charset.CharsetDecoder.reset()Ljava/nio/charset/CharsetDecoder; @ 1
Event: 62.530 Thread 0x0000000016fab000 Uncommon trap: reason=bimorphic action=maybe_recompile pc=0x0000000004664c48 method=java.nio.charset.CharsetDecoder.reset()Ljava/nio/charset/CharsetDecoder; @ 1

Internal exceptions (10 events):
Event: 57.877 Thread 0x000000001b66e000 Implicit null exception at 0x00000000034a936f to 0x00000000034a9461
Event: 57.877 Thread 0x000000001b66c800 Implicit null exception at 0x00000000034a936f to 0x00000000034a9461
Event: 58.892 Thread 0x000000001b66c000 Exception <a 'sun/nio/fs/WindowsException'> (0x00000000ef9f1690) thrown at [C:\re\workspace\8-2-build-windows-amd64-cygwin\jdk8u144\9417\hotspot\src\share\vm\prims\jni.cpp, line 709]
Event: 58.962 Thread 0x0000000016fab000 Exception <a 'sun/nio/fs/WindowsException'> (0x00000000efd62618) thrown at [C:\re\workspace\8-2-build-windows-amd64-cygwin\jdk8u144\9417\hotspot\src\share\vm\prims\jni.cpp, line 709]
Event: 59.016 Thread 0x000000001b66b000 Exception <a 'sun/nio/fs/WindowsException'> (0x00000000f0072300) thrown at [C:\re\workspace\8-2-build-windows-amd64-cygwin\jdk8u144\9417\hotspot\src\share\vm\prims\jni.cpp, line 709]
Event: 60.026 Thread 0x000000001b66d800 Exception <a 'sun/nio/fs/WindowsException'> (0x00000000efd0d6b8) thrown at [C:\re\workspace\8-2-build-windows-amd64-cygwin\jdk8u144\9417\hotspot\src\share\vm\prims\jni.cpp, line 709]
Event: 60.447 Thread 0x0000000016fab000 Exception <a 'sun/nio/fs/WindowsException'> (0x00000000f01633d8) thrown at [C:\re\workspace\8-2-build-windows-amd64-cygwin\jdk8u144\9417\hotspot\src\share\vm\prims\jni.cpp, line 709]
Event: 61.469 Thread 0x0000000016fab000 Exception <a 'java/lang/NoSuchMethodError': java.lang.Object.lambda$asRunnable$0(Lcom/android/tools/build/apkzlib/utils/IOExceptionRunnable;)V> (0x00000000f01e87e8) thrown at [C:\re\workspace\8-2-build-windows-amd64-cygwin\jdk8u144\9417\hotspot\src\share\
Event: 61.565 Thread 0x0000000016fab000 Exception <a 'java/lang/NoSuchMethodError': java.lang.Object.newSystemTemporaryDirectory()Lcom/android/tools/build/apkzlib/bytestorage/TemporaryDirectory;> (0x00000000f0337d18) thrown at [C:\re\workspace\8-2-build-windows-amd64-cygwin\jdk8u144\9417\hotspo
Event: 62.444 Thread 0x0000000016fab000 Exception <a 'java/lang/NoSuchMethodError': <clinit>> (0x00000000f453d298) thrown at [C:\re\workspace\8-2-build-windows-amd64-cygwin\jdk8u144\9417\hotspot\src\share\vm\prims\jni.cpp, line 1613]

Events (10 events):
Event: 62.697 Thread 0x000000001565f000 flushing nmethod 0x0000000003196290
Event: 62.707 Thread 0x000000001565f000 flushing nmethod 0x0000000003716790
Event: 62.709 Thread 0x000000001565f000 flushing nmethod 0x00000000038ea390
Event: 62.709 Thread 0x000000001565f000 flushing nmethod 0x00000000038ea850
Event: 62.709 Thread 0x000000001565f000 flushing nmethod 0x00000000039fba50
Event: 62.711 Thread 0x000000001565f000 flushing nmethod 0x0000000003c43b90
Event: 62.711 Thread 0x000000001565f000 flushing nmethod 0x0000000003c4b1d0
Event: 62.717 Thread 0x000000001565f000 flushing nmethod 0x0000000004353310
Event: 62.718 Thread 0x000000001565f000 flushing nmethod 0x0000000004380950
Event: 62.718 Thread 0x000000001565f000 flushing nmethod 0x000000000442fad0


Dynamic libraries:
0x00007ff73dd50000 - 0x00007ff73dd87000 	C:\Program Files\Java\jdk1.8.0_144\bin\java.exe
0x00007ffd79370000 - 0x00007ffd79551000 	C:\WINDOWS\SYSTEM32\ntdll.dll
0x00007ffd78540000 - 0x00007ffd785f2000 	C:\WINDOWS\System32\KERNEL32.DLL
0x00007ffd76070000 - 0x00007ffd762e3000 	C:\WINDOWS\System32\KERNELBASE.dll
0x00007ffd78600000 - 0x00007ffd786a1000 	C:\WINDOWS\System32\ADVAPI32.dll
0x00007ffd782f0000 - 0x00007ffd7838e000 	C:\WINDOWS\System32\msvcrt.dll
0x00007ffd79280000 - 0x00007ffd792db000 	C:\WINDOWS\System32\sechost.dll
0x00007ffd77fe0000 - 0x00007ffd78104000 	C:\WINDOWS\System32\RPCRT4.dll
0x00007ffd790f0000 - 0x00007ffd79280000 	C:\WINDOWS\System32\USER32.dll
0x00007ffd767e0000 - 0x00007ffd76800000 	C:\WINDOWS\System32\win32u.dll
0x00007ffd790c0000 - 0x00007ffd790e8000 	C:\WINDOWS\System32\GDI32.dll
0x00007ffd76640000 - 0x00007ffd767d2000 	C:\WINDOWS\System32\gdi32full.dll
0x00007ffd75790000 - 0x00007ffd7582f000 	C:\WINDOWS\System32\msvcp_win.dll
0x00007ffd762f0000 - 0x00007ffd763ea000 	C:\WINDOWS\System32\ucrtbase.dll
0x00007ffd64540000 - 0x00007ffd647a9000 	C:\WINDOWS\WinSxS\amd64_microsoft.windows.common-controls_6595b64144ccf1df_6.0.17134.407_none_fb449d63306391e9\COMCTL32.dll
0x00007ffd787a0000 - 0x00007ffd78ac2000 	C:\WINDOWS\System32\combase.dll
0x00007ffd75ff0000 - 0x00007ffd7606a000 	C:\WINDOWS\System32\bcryptPrimitives.dll
0x00007ffd768f0000 - 0x00007ffd7691d000 	C:\WINDOWS\System32\IMM32.DLL
0x0000000060620000 - 0x00000000606f2000 	C:\Program Files\Java\jdk1.8.0_144\jre\bin\msvcr100.dll
0x000000005fd80000 - 0x000000006061d000 	C:\Program Files\Java\jdk1.8.0_144\jre\bin\server\jvm.dll
0x00007ffd78390000 - 0x00007ffd78398000 	C:\WINDOWS\System32\PSAPI.DLL
0x00007ffd71fc0000 - 0x00007ffd71fc9000 	C:\WINDOWS\SYSTEM32\WSOCK32.dll
0x00007ffd786b0000 - 0x00007ffd7871c000 	C:\WINDOWS\System32\WS2_32.dll
0x00007ffd714e0000 - 0x00007ffd714ea000 	C:\WINDOWS\SYSTEM32\VERSION.dll
0x00007ffd73850000 - 0x00007ffd73873000 	C:\WINDOWS\SYSTEM32\WINMM.dll
0x00007ffd73700000 - 0x00007ffd7372a000 	C:\WINDOWS\SYSTEM32\WINMMBASE.dll
0x00007ffd75740000 - 0x00007ffd75789000 	C:\WINDOWS\System32\cfgmgr32.dll
0x000000005fd70000 - 0x000000005fd7f000 	C:\Program Files\Java\jdk1.8.0_144\jre\bin\verify.dll
0x000000005fd40000 - 0x000000005fd69000 	C:\Program Files\Java\jdk1.8.0_144\jre\bin\java.dll
0x000000005fd20000 - 0x000000005fd36000 	C:\Program Files\Java\jdk1.8.0_144\jre\bin\zip.dll
0x00007ffd76b90000 - 0x00007ffd77fcf000 	C:\WINDOWS\System32\SHELL32.dll
0x00007ffd78490000 - 0x00007ffd78539000 	C:\WINDOWS\System32\shcore.dll
0x00007ffd758e0000 - 0x00007ffd75fed000 	C:\WINDOWS\System32\windows.storage.dll
0x00007ffd76930000 - 0x00007ffd76981000 	C:\WINDOWS\System32\shlwapi.dll
0x00007ffd75720000 - 0x00007ffd75731000 	C:\WINDOWS\System32\kernel.appcore.dll
0x00007ffd756e0000 - 0x00007ffd756ff000 	C:\WINDOWS\System32\profapi.dll
0x00007ffd75680000 - 0x00007ffd756cc000 	C:\WINDOWS\System32\powrprof.dll
0x00007ffd756d0000 - 0x00007ffd756da000 	C:\WINDOWS\System32\FLTLIB.DLL
0x000000005fd00000 - 0x000000005fd1a000 	C:\Program Files\Java\jdk1.8.0_144\jre\bin\net.dll
0x00007ffd74ea0000 - 0x00007ffd74f06000 	C:\WINDOWS\system32\mswsock.dll
0x000000005fce0000 - 0x000000005fcf1000 	C:\Program Files\Java\jdk1.8.0_144\jre\bin\nio.dll
0x00007ffd63330000 - 0x00007ffd6334e000 	C:\Users\Thiago Ferrarezi\.gradle\native\25\windows-amd64\native-platform.dll
0x000000005fcd0000 - 0x000000005fcdd000 	C:\Program Files\Java\jdk1.8.0_144\jre\bin\management.dll
0x00007ffd750c0000 - 0x00007ffd750d7000 	C:\WINDOWS\SYSTEM32\CRYPTSP.dll
0x00007ffd74a80000 - 0x00007ffd74ab3000 	C:\WINDOWS\system32\rsaenh.dll
0x00007ffd751e0000 - 0x00007ffd75205000 	C:\WINDOWS\SYSTEM32\bcrypt.dll
0x00007ffd755b0000 - 0x00007ffd755d8000 	C:\WINDOWS\SYSTEM32\USERENV.dll
0x00007ffd750b0000 - 0x00007ffd750bb000 	C:\WINDOWS\SYSTEM32\CRYPTBASE.dll
0x00007ffd74c20000 - 0x00007ffd74c58000 	C:\WINDOWS\SYSTEM32\IPHLPAPI.DLL
0x00007ffd76920000 - 0x00007ffd76928000 	C:\WINDOWS\System32\NSI.dll
0x00007ffd6fd50000 - 0x00007ffd6fd66000 	C:\WINDOWS\SYSTEM32\dhcpcsvc6.DLL
0x00007ffd705d0000 - 0x00007ffd705ea000 	C:\WINDOWS\SYSTEM32\dhcpcsvc.DLL
0x00007ffd74770000 - 0x00007ffd747a1000 	C:\WINDOWS\SYSTEM32\ntmarta.dll

VM Arguments:
jvm_args: -XX:+HeapDumpOnOutOfMemoryError -Xmx1024m -Dfile.encoding=windows-1252 -Duser.country=BR -Duser.language=pt -Duser.variant 
java_command: org.gradle.launcher.daemon.bootstrap.GradleDaemon 4.6
java_class_path (initial): C:\Users\Thiago Ferrarezi\.gradle\wrapper\dists\gradle-4.6-all\bcst21l2brirad8k2ben1letg\gradle-4.6\lib\gradle-launcher-4.6.jar
Launcher Type: SUN_STANDARD

Environment Variables:
JAVA_HOME=C:\Program Files\Java\jdk1.8.0_144
CLASSPATH=C:\Users\Thiago Ferrarezi\Programas\React\fisioPilates\android\\gradle\wrapper\gradle-wrapper.jar
PATH=C:\ProgramData\Oracle\Java\javapath;C:\Windows\system32;C:\Windows;C:\Windows\System32\Wbem;C:\Windows\System32\WindowsPowerShell\v1.0\;C:\Program Files (x86)\NVIDIA Corporation\PhysX\Common;C:\Program Files\Git\cmd;C:\Program Files\MySQL\MySQL Utilities 1.6\;C:\Program Files\PuTTY\;C:\WINDOWS\system32;C:\WINDOWS;C:\WINDOWS\System32\Wbem;C:\WINDOWS\System32\WindowsPowerShell\v1.0\;C:\Program Files (x86)\Yarn\bin;C:\WINDOWS\System32\OpenSSH\;C:\Program Files\nodejs\;C:\Program Files\Common Files\Autodesk Shared\;C:\composer;C:\wamp64\bin\php\php7.1.9\;C:\RailsInstaller\Git\cmd;C:\RailsInstaller\Ruby2.3.3\bin;C:\Users\Thiago Ferrarezi\AppData\Local\Microsoft\WindowsApps;C:\Users\Thiago Ferrarezi\AppData\Roaming\Composer\vendor\bin;C:\Users\Thiago Ferrarezi\AppData\Local\Android\Sdk\platform-tools;C:\Program Files\Microsoft VS Code\bin;C:\Users\Thiago Ferrarezi\AppData\Local\Yarn\bin;C:\Users\Thiago Ferrarezi\AppData\Roaming\npm;
USERNAME=Thiago Ferrarezi
OS=Windows_NT
PROCESSOR_IDENTIFIER=Intel64 Family 6 Model 142 Stepping 9, GenuineIntel



---------------  S Y S T E M  ---------------

OS: Windows 10.0 , 64 bit Build 17134 (10.0.17134.1)

CPU:total 4 (initial active 4) (2 cores per cpu, 2 threads per core) family 6 model 142 stepping 9, cmov, cx8, fxsr, mmx, sse, sse2, sse3, ssse3, sse4.1, sse4.2, popcnt, avx, avx2, aes, clmul, erms, 3dnowpref, lzcnt, ht, tsc, tscinvbit, bmi1, bmi2, adx

Memory: 4k page, physical 16648932k(2020832k free), swap 16648932k(7276k free)

vm_info: Java HotSpot(TM) 64-Bit Server VM (25.144-b01) for windows-amd64 JRE (1.8.0_144-b01), built on Jul 21 2017 21:57:33 by "java_re" with MS VC++ 10.0 (VS2010)

time: Mon Nov 26 17:20:35 2018
elapsed time: 64 seconds (0d 0h 1m 4s)

